[debug] [2019-07-19T11:16:45.955Z] ----------------------------------------------------------------------
[debug] [2019-07-19T11:16:45.958Z] Command:       /Users/olegdrozdov/.nvm/versions/node/v12.6.0/bin/node /Users/olegdrozdov/.nvm/versions/node/v12.6.0/bin/firebase deploy
[debug] [2019-07-19T11:16:45.958Z] CLI Version:   7.0.2
[debug] [2019-07-19T11:16:45.958Z] Platform:      darwin
[debug] [2019-07-19T11:16:45.958Z] Node Version:  v12.6.0
[debug] [2019-07-19T11:16:45.959Z] Time:          Fri Jul 19 2019 14:16:45 GMT+0300 (Moscow Standard Time)
[debug] [2019-07-19T11:16:45.959Z] ----------------------------------------------------------------------
[debug] 
[debug] [2019-07-19T11:16:45.969Z] > command requires scopes: ["email","openid","https://www.googleapis.com/auth/cloudplatformprojects.readonly","https://www.googleapis.com/auth/firebase","https://www.googleapis.com/auth/cloud-platform"]
[debug] [2019-07-19T11:16:45.969Z] > authorizing via signed-in user
[debug] [2019-07-19T11:16:45.970Z] [iam] checking project spin-5f833 for permissions ["firebase.projects.get","firebasehosting.sites.update"]
[debug] [2019-07-19T11:16:45.971Z] >>> HTTP REQUEST POST https://cloudresourcemanager.googleapis.com/v1/projects/spin-5f833:testIamPermissions  

[debug] [2019-07-19T11:16:47.080Z] <<< HTTP RESPONSE 200
[debug] [2019-07-19T11:16:47.082Z] >>> HTTP REQUEST GET https://firebase.googleapis.com/v1beta1/projects/spin-5f833  
 
[debug] [2019-07-19T11:16:47.430Z] <<< HTTP RESPONSE 200
[info] 
[info] === Deploying to 'spin-5f833'...
[info] 
[info] i  deploying hosting
[debug] [2019-07-19T11:16:47.434Z] >>> HTTP REQUEST POST https://firebasehosting.googleapis.com/v1beta1/sites/spin-5f833/versions  

[debug] [2019-07-19T11:16:48.910Z] <<< HTTP RESPONSE 200
[info] i  hosting[spin-5f833]: beginning deploy...
[info] i  hosting[spin-5f833]: found 33 files in dist/spin
[debug] [2019-07-19T11:16:48.928Z] [hosting] hash cache [ZGlzdC9zcGlu] load error: lines is not defined
[debug] [2019-07-19T11:16:49.023Z] [hosting] hash cache [ZGlzdC9zcGlu] stored for 33 files
[debug] [2019-07-19T11:16:49.023Z] [hosting][hash queue][FINAL]
[debug] [2019-07-19T11:16:49.024Z] >>> HTTP REQUEST POST https://firebasehosting.googleapis.com/v1beta1/sites/spin-5f833/versions/50e6a8c601d4d698:populateFiles  
 <request body omitted>
[debug] [2019-07-19T11:16:50.871Z] <<< HTTP RESPONSE 200
[debug] [2019-07-19T11:16:50.875Z] [hosting][populate queue][FINAL]
[debug] [2019-07-19T11:16:50.875Z] [hosting] uploads queued: 3
